<?xml version="1.0" encoding="UTF-8"?>
<!-- Generated by org.testng.reporters.JUnitReportReporter -->
<testsuite hostname="68b582344b4459c" failures="0" tests="1" name="com.testCases.Login" time="0.745" errors="0" timestamp="2023-11-23T10:59:23 IST" skipped="0">
  <testcase classname="com.testCases.Login" name="signin" time="0.745"/>
  <system-out/>
</testsuite> <!-- com.testCases.Login -->
